<?xml version="1.0" encoding="UTF-8"?>
<!-- Generated by org.testng.reporters.JUnitReportReporter -->
<testsuite hostname="LAPTOP-RP7E2K3I" failures="0" tests="1" name="restassured_basics.Basics_2" time="2.756" errors="0" timestamp="15 Dec 2019 09:17:20 GMT">
  <testcase classname="restassured_basics.Basics_2" name="Test2" time="2.756"/>
</testsuite> <!-- restassured_basics.Basics_2 -->
